0 info it worked if it ends with ok
1 verbose cli [ '/Users/clement/.nvm/versions/node/v5.3.0/bin/node',
1 verbose cli   '/Users/clement/.nvm/versions/node/v5.3.0/bin/npm',
1 verbose cli   'publish' ]
2 info using npm@3.3.12
3 info using node@v5.3.0
4 verbose publish [ '.' ]
5 silly cache add args [ '.', null ]
6 verbose cache add spec .
7 silly cache add parsed spec Result {
7 silly cache add   raw: '.',
7 silly cache add   scope: null,
7 silly cache add   name: null,
7 silly cache add   rawSpec: '.',
7 silly cache add   spec: '/Volumes/DATA/Dev/molpay-mobile-xdk/public/molpay-mobile-xdk-cordova',
7 silly cache add   type: 'directory' }
8 verbose addLocalDirectory /Users/clement/.npm/molpay-mobile-xdk-cordova/1.0.6/package.tgz not in flight; packing
9 info lifecycle molpay-mobile-xdk-cordova@1.0.6~prepublish: molpay-mobile-xdk-cordova@1.0.6
10 silly lifecycle molpay-mobile-xdk-cordova@1.0.6~prepublish: no script for prepublish, continuing
11 verbose tar pack [ '/Users/clement/.npm/molpay-mobile-xdk-cordova/1.0.6/package.tgz',
11 verbose tar pack   '/Volumes/DATA/Dev/molpay-mobile-xdk/public/molpay-mobile-xdk-cordova' ]
12 verbose tarball /Users/clement/.npm/molpay-mobile-xdk-cordova/1.0.6/package.tgz
13 verbose folder /Volumes/DATA/Dev/molpay-mobile-xdk/public/molpay-mobile-xdk-cordova
14 verbose addLocalTarball adding from inside cache /Users/clement/.npm/molpay-mobile-xdk-cordova/1.0.6/package.tgz
15 silly cache afterAdd molpay-mobile-xdk-cordova@1.0.6
16 verbose afterAdd /Users/clement/.npm/molpay-mobile-xdk-cordova/1.0.6/package/package.json not in flight; writing
17 verbose afterAdd /Users/clement/.npm/molpay-mobile-xdk-cordova/1.0.6/package/package.json written
18 silly publish { name: 'molpay-mobile-xdk-cordova',
18 silly publish   version: '1.0.6',
18 silly publish   description: 'MOLPay official in-app payment module for Cordova',
18 silly publish   cordova:
18 silly publish    { id: 'molpay-mobile-xdk-cordova',
18 silly publish      platforms:
18 silly publish       [ 'android',
18 silly publish         'amazon-fireos',
18 silly publish         'ubuntu',
18 silly publish         'ios',
18 silly publish         'wp7',
18 silly publish         'wp8',
18 silly publish         'windows8',
18 silly publish         'windows',
18 silly publish         'firefoxos' ] },
18 silly publish   repository:
18 silly publish    { type: 'git',
18 silly publish      url: 'git+https://github.com/MOLPay/molpay-mobile-xdk-cordova.git' },
18 silly publish   keywords:
18 silly publish    [ 'molpay',
18 silly publish      'in',
18 silly publish      'app',
18 silly publish      'mobile',
18 silly publish      'asia',
18 silly publish      'payment',
18 silly publish      'gateway',
18 silly publish      'merchant',
18 silly publish      'service',
18 silly publish      'ecosystem:cordova',
18 silly publish      'cordova-android',
18 silly publish      'cordova-amazon-fireos',
18 silly publish      'cordova-ubuntu',
18 silly publish      'cordova-ios',
18 silly publish      'cordova-wp7',
18 silly publish      'cordova-wp8',
18 silly publish      'cordova-windows8',
18 silly publish      'cordova-windows',
18 silly publish      'cordova-firefoxos' ],
18 silly publish   engines:
18 silly publish    [ { name: 'cordova', version: '>=6.0.0' },
18 silly publish      { name: 'cordova-android', version: '>=5.0.0' },
18 silly publish      { name: 'cordova-ios', version: '>=4.0.0' } ],
18 silly publish   author: { name: 'MOLPay Mobile Division' },
18 silly publish   license: 'ISC',
18 silly publish   bugs: { url: 'https://github.com/MOLPay/molpay-mobile-xdk-cordova/issues' },
18 silly publish   homepage: 'https://github.com/MOLPay/molpay-mobile-xdk-cordova#readme',
18 silly publish   readme: '<!--\n# license: Copyright © 2011-2016 MOLPay Sdn Bhd. All Rights Reserved. \n-->\n\n# molpay-mobile-xdk-cordova\n\nThis plugin provides an integrated MOLPay payment module that contains a wrapper `molpay.js` and \nan upgradable core as the `molpay-mobile-xdk-www` folder, which the latter can be separately\ndownloaded at https://github.com/MOLPay/molpay-mobile-xdk-www and replace the local version.\n\n## Installation\n\n    Step 1 - cordova plugin add molpay-mobile-xdk-cordova\n\n    Step 2 - Add the following meta tags to the app index.html\n    <meta http-equiv="Content-Security-Policy" content="default-src * data: gap: \'unsafe-eval\' \'unsafe-inline\'; style-src \'self\' \'unsafe-inline\'; media-src *"> *This allow cross-domain communication between MOLPay payment module and payment servers.*\n    <meta name="format-detection" content="telephone=no">\n\n    Step 3 - Add the MOLPay div to your payment UI\n    <div id="molpay" class="molpay"/>\n\n    Step 4 - Add the result callback function\n    var molpayCallback = function (transactionResult) {\n            // transactionResult return in json;\n    };\n\n## Prepare the Payment detail object\n\n    document.addEventListener("deviceready", onDeviceReady, false);\n    function onDeviceReady() {\n        var paymentDetails = {\n            \'mp_amount\' : \'\',\n            \'mp_username\' : \'\',\n            \'mp_password\' : \'\',\n            \'mp_merchant_ID\' : \'\',\n            \'mp_app_name\' : \'\',   \n            \'mp_order_ID\' : \'\', \n            \'mp_currency\' : \'MYR\',\n            \'mp_country\' : \'MY\',  \n            \'mp_verification_key\' : \'\',  \n            \'mp_channel\' : \'\', \n            \'mp_bill_description\' : \'\',\n            \'mp_bill_name\' : \'\',\n            \'mp_bill_email\' : \'\',\n            \'mp_bill_mobile\' : \'\',\n            \'mp_channel_editing\' : false,\n            \'mp_editing_enabled\' : false,\n            \'mp_transaction_id\' : \'\',\n            \'mp_request_type\' : \'\'\n        };\n    }\n\n## Start the payment module UI\n\n    window.molpay.startMolpay(paymentDetails, molpayCallback);\n\n## Close the payment module UI\n\n    window.molpay.closeMolpay();\n\n    *Notes: The host application must implement it\'s own mechanism to close the payment module UI, i.e. <button onclick="window.molpay.closeMolpay()">Close</button>. The close event will also return a final result.*\n\n## Transaction request service (No UI & auto close)\n\n    window.molpay.transactionRequest(paymentDetails, molpayCallback);\n\n## Support\n\nSubmit issue to this repository or email to our support@molpay.com\n\nMerchant Technical Support / Customer Care : support@molpay.com<br>\nSales/Reseller Enquiry : sales@molpay.com<br>\nMarketing Campaign : marketing@molpay.com<br>\nChannel/Partner Enquiry : channel@molpay.com<br>\nMedia Contact : media@molpay.com<br>\nR&D and Tech-related Suggestion : technical@molpay.com<br>\nAbuse Reporting : abuse@molpay.com\n',
18 silly publish   readmeFilename: 'README.md',
18 silly publish   gitHead: '04e95b5d56aaf961a31d664d4b0bbfa4a2704a30',
18 silly publish   _id: 'molpay-mobile-xdk-cordova@1.0.6',
18 silly publish   scripts: {},
18 silly publish   _shasum: '64761f9548ac442ba6d43d0410e297e2e9d315fa',
18 silly publish   _from: '.' }
19 verbose getPublishConfig undefined
20 silly mapToRegistry name molpay-mobile-xdk-cordova
21 silly mapToRegistry using default registry
22 silly mapToRegistry registry https://registry.npmjs.org/
23 silly mapToRegistry uri https://registry.npmjs.org/molpay-mobile-xdk-cordova
24 verbose publish registryBase https://registry.npmjs.org/
25 silly publish uploading /Users/clement/.npm/molpay-mobile-xdk-cordova/1.0.6/package.tgz
26 verbose request uri https://registry.npmjs.org/molpay-mobile-xdk-cordova
27 verbose request sending authorization for write operation
28 info attempt registry request try #1 at 5:51:13 PM
29 verbose request using bearer token for auth
30 verbose request id 28ddcbd71534e87d
31 http request PUT https://registry.npmjs.org/molpay-mobile-xdk-cordova
32 http 503 https://registry.npmjs.org/molpay-mobile-xdk-cordova
33 verbose bad json <?xml version="1.0" encoding="utf-8"?>
33 verbose bad json <!DOCTYPE html PUBLIC "-//W3C//DTD XHTML 1.0 Strict//EN"
33 verbose bad json  "http://www.w3.org/TR/xhtml1/DTD/xhtml1-strict.dtd">
33 verbose bad json <html>
33 verbose bad json   <head>
33 verbose bad json     <title>503 backend write error</title>
33 verbose bad json   </head>
33 verbose bad json   <body>
33 verbose bad json     <h1>Error 503 backend write error</h1>
33 verbose bad json     <p>backend write error</p>
33 verbose bad json     <h3>Guru Mediation:</h3>
33 verbose bad json     <p>Details: cache-sin6922-SIN 1461577995 1983354821</p>
33 verbose bad json     <hr>
33 verbose bad json     <p>Varnish cache server</p>
33 verbose bad json   </body>
33 verbose bad json </html>
34 error registry error parsing json
35 verbose headers { server: 'Varnish',
35 verbose headers   'retry-after': '0',
35 verbose headers   'content-type': 'text/html; charset=utf-8',
35 verbose headers   'content-length': '451',
35 verbose headers   'accept-ranges': 'bytes',
35 verbose headers   date: 'Mon, 25 Apr 2016 09:53:15 GMT',
35 verbose headers   via: '1.1 varnish',
35 verbose headers   connection: 'close',
35 verbose headers   'x-served-by': 'cache-sin6922-SIN',
35 verbose headers   'x-cache': 'MISS',
35 verbose headers   'x-cache-hits': '0',
35 verbose headers   'x-timer': 'S1461577874.301676,VS0,VE121073' }
36 info retry will retry, error on last attempt: SyntaxError: Unexpected token <
36 info retry
36 info retry <?xml version="1.0" encoding="utf-8"?>
36 info retry <!DOCTYPE html PUBLIC "-//W3C//DTD XHTML 1.0 Strict//EN"
36 info retry  "http://www.w3.org/TR/xhtml1/DTD/xhtml1-strict.dtd">
36 info retry <html>
36 info retry   <head>
36 info retry     <title>503 backend write error</title>
36 info retry   </head>
36 info retry   <body>
36 info retry     <h1>Error 503 backend write error</h1>
36 info retry     <p>backend write error</p>
36 info retry     <h3>Guru Mediation:</h3>
36 info retry     <p>Details: cache-sin6922-SIN 1461577995 1983354821</p>
36 info retry     <hr>
36 info retry     <p>Varnish cache server</p>
36 info retry   </body>
36 info retry </html>
37 info attempt registry request try #2 at 5:53:25 PM
38 verbose request using bearer token for auth
39 http request PUT https://registry.npmjs.org/molpay-mobile-xdk-cordova
40 http 503 https://registry.npmjs.org/molpay-mobile-xdk-cordova
41 verbose bad json <?xml version="1.0" encoding="utf-8"?>
41 verbose bad json <!DOCTYPE html PUBLIC "-//W3C//DTD XHTML 1.0 Strict//EN"
41 verbose bad json  "http://www.w3.org/TR/xhtml1/DTD/xhtml1-strict.dtd">
41 verbose bad json <html>
41 verbose bad json   <head>
41 verbose bad json     <title>503 backend write error</title>
41 verbose bad json   </head>
41 verbose bad json   <body>
41 verbose bad json     <h1>Error 503 backend write error</h1>
41 verbose bad json     <p>backend write error</p>
41 verbose bad json     <h3>Guru Mediation:</h3>
41 verbose bad json     <p>Details: cache-sin6925-SIN 1461578128 2470415377</p>
41 verbose bad json     <hr>
41 verbose bad json     <p>Varnish cache server</p>
41 verbose bad json   </body>
41 verbose bad json </html>
42 error registry error parsing json
43 verbose headers { server: 'Varnish',
43 verbose headers   'retry-after': '0',
43 verbose headers   'content-type': 'text/html; charset=utf-8',
43 verbose headers   'content-length': '451',
43 verbose headers   'accept-ranges': 'bytes',
43 verbose headers   date: 'Mon, 25 Apr 2016 09:55:28 GMT',
43 verbose headers   via: '1.1 varnish',
43 verbose headers   connection: 'close',
43 verbose headers   'x-served-by': 'cache-sin6925-SIN',
43 verbose headers   'x-cache': 'MISS',
43 verbose headers   'x-cache-hits': '0',
43 verbose headers   'x-timer': 'S1461578007.147759,VS0,VE121107' }
44 info retry will retry, error on last attempt: SyntaxError: Unexpected token <
44 info retry
44 info retry <?xml version="1.0" encoding="utf-8"?>
44 info retry <!DOCTYPE html PUBLIC "-//W3C//DTD XHTML 1.0 Strict//EN"
44 info retry  "http://www.w3.org/TR/xhtml1/DTD/xhtml1-strict.dtd">
44 info retry <html>
44 info retry   <head>
44 info retry     <title>503 backend write error</title>
44 info retry   </head>
44 info retry   <body>
44 info retry     <h1>Error 503 backend write error</h1>
44 info retry     <p>backend write error</p>
44 info retry     <h3>Guru Mediation:</h3>
44 info retry     <p>Details: cache-sin6925-SIN 1461578128 2470415377</p>
44 info retry     <hr>
44 info retry     <p>Varnish cache server</p>
44 info retry   </body>
44 info retry </html>
45 info attempt registry request try #3 at 5:56:28 PM
46 verbose request using bearer token for auth
47 http request PUT https://registry.npmjs.org/molpay-mobile-xdk-cordova
48 verbose request invalidating /Users/clement/.npm/registry.npmjs.org/molpay-mobile-xdk-cordova on PUT
49 error publish Failed PUT undefined
50 verbose stack Error: write EPIPE
50 verbose stack     at Object.exports._errnoException (util.js:855:11)
50 verbose stack     at exports._exceptionWithHostPort (util.js:878:20)
50 verbose stack     at WriteWrap.afterWrite (net.js:763:14)
51 verbose cwd /Volumes/DATA/Dev/molpay-mobile-xdk/public/molpay-mobile-xdk-cordova
52 error Darwin 15.4.0
53 error argv "/Users/clement/.nvm/versions/node/v5.3.0/bin/node" "/Users/clement/.nvm/versions/node/v5.3.0/bin/npm" "publish"
54 error node v5.3.0
55 error npm  v3.3.12
56 error code EPIPE
57 error errno EPIPE
58 error syscall write
59 error write EPIPE
60 error If you need help, you may report this error at:
60 error     <https://github.com/npm/npm/issues>
61 verbose exit [ 1, true ]
